<?xml version="1.0" encoding="UTF-8"?>
<testsuite name="co.com.ceiba.parqueadero.paola.dominio.servicio.unitarias.ServicioActualizarParqueaderoTest" tests="9" skipped="0" failures="0" errors="0" timestamp="2019-07-04T20:19:18" hostname="PAOLA-ALVAREZ" time="1.306">
  <properties/>
  <testcase name="validarDiaMotoCilindraje" classname="co.com.ceiba.parqueadero.paola.dominio.servicio.unitarias.ServicioActualizarParqueaderoTest" time="1.284"/>
  <testcase name="validarAdicionalMoto" classname="co.com.ceiba.parqueadero.paola.dominio.servicio.unitarias.ServicioActualizarParqueaderoTest" time="0.001"/>
  <testcase name="vehiculoNoParqueado" classname="co.com.ceiba.parqueadero.paola.dominio.servicio.unitarias.ServicioActualizarParqueaderoTest" time="0.002"/>
  <testcase name="validarDiasCarro" classname="co.com.ceiba.parqueadero.paola.dominio.servicio.unitarias.ServicioActualizarParqueaderoTest" time="0.002"/>
  <testcase name="validarHoraCarro" classname="co.com.ceiba.parqueadero.paola.dominio.servicio.unitarias.ServicioActualizarParqueaderoTest" time="0.003"/>
  <testcase name="validarDiaMoto" classname="co.com.ceiba.parqueadero.paola.dominio.servicio.unitarias.ServicioActualizarParqueaderoTest" time="0.002"/>
  <testcase name="validarHoraMoto" classname="co.com.ceiba.parqueadero.paola.dominio.servicio.unitarias.ServicioActualizarParqueaderoTest" time="0.002"/>
  <testcase name="validarDiaCarro" classname="co.com.ceiba.parqueadero.paola.dominio.servicio.unitarias.ServicioActualizarParqueaderoTest" time="0.002"/>
  <testcase name="validarDiasMoto" classname="co.com.ceiba.parqueadero.paola.dominio.servicio.unitarias.ServicioActualizarParqueaderoTest" time="0.004"/>
  <system-out><![CDATA[]]></system-out>
  <system-err><![CDATA[]]></system-err>
</testsuite>
