<?xml version="1.0" encoding="UTF-8"?>
<testsuite name="co.com.ceiba.parqueadero.paola.dominio.servicio.unitarias.ServicioCrearParqueaderoTest" tests="7" skipped="0" failures="0" errors="0" timestamp="2019-07-04T20:19:19" hostname="PAOLA-ALVAREZ" time="0.009">
  <properties/>
  <testcase name="validarCupoCarro" classname="co.com.ceiba.parqueadero.paola.dominio.servicio.unitarias.ServicioCrearParqueaderoTest" time="0.003"/>
  <testcase name="validarCupoMoto" classname="co.com.ceiba.parqueadero.paola.dominio.servicio.unitarias.ServicioCrearParqueaderoTest" time="0.001"/>
  <testcase name="validarExisteCarro" classname="co.com.ceiba.parqueadero.paola.dominio.servicio.unitarias.ServicioCrearParqueaderoTest" time="0.001"/>
  <testcase name="crearParqueoMoto" classname="co.com.ceiba.parqueadero.paola.dominio.servicio.unitarias.ServicioCrearParqueaderoTest" time="0.001"/>
  <testcase name="validarRestriccionLetraPlaca" classname="co.com.ceiba.parqueadero.paola.dominio.servicio.unitarias.ServicioCrearParqueaderoTest" time="0.0"/>
  <testcase name="crearParqueoCarro" classname="co.com.ceiba.parqueadero.paola.dominio.servicio.unitarias.ServicioCrearParqueaderoTest" time="0.001"/>
  <testcase name="validarNoExisteCarro" classname="co.com.ceiba.parqueadero.paola.dominio.servicio.unitarias.ServicioCrearParqueaderoTest" time="0.001"/>
  <system-out><![CDATA[]]></system-out>
  <system-err><![CDATA[]]></system-err>
</testsuite>
