<?xml version="1.0" encoding="UTF-8"?>
<testsuite name="co.com.ceiba.parqueadero.paola.dominio.modelo.unitarias.ParqueaderoTest" tests="4" skipped="0" failures="0" errors="0" timestamp="2019-07-04T20:19:18" hostname="PAOLA-ALVAREZ" time="0.014">
  <properties/>
  <testcase name="validarCilindrajeObligatorio" classname="co.com.ceiba.parqueadero.paola.dominio.modelo.unitarias.ParqueaderoTest" time="0.009"/>
  <testcase name="validarPlacaObligatoria" classname="co.com.ceiba.parqueadero.paola.dominio.modelo.unitarias.ParqueaderoTest" time="0.001"/>
  <testcase name="validarTipoVehiculoIncorrecto" classname="co.com.ceiba.parqueadero.paola.dominio.modelo.unitarias.ParqueaderoTest" time="0.001"/>
  <testcase name="validarTipoVehiculoObligatorio" classname="co.com.ceiba.parqueadero.paola.dominio.modelo.unitarias.ParqueaderoTest" time="0.001"/>
  <system-out><![CDATA[]]></system-out>
  <system-err><![CDATA[]]></system-err>
</testsuite>
