<?xml version="1.0" encoding="UTF-8"?>
<testsuite name="co.com.ceiba.parqueadero.paola.infraestructura.integracion.ParqueaderoControladorTest" tests="3" skipped="0" failures="0" errors="0" timestamp="2019-07-04T20:19:30" hostname="PAOLA-ALVAREZ" time="0.682">
  <properties/>
  <testcase name="postIngresarVehiculoTest" classname="co.com.ceiba.parqueadero.paola.infraestructura.integracion.ParqueaderoControladorTest" time="0.55"/>
  <testcase name="getListaTest" classname="co.com.ceiba.parqueadero.paola.infraestructura.integracion.ParqueaderoControladorTest" time="0.079"/>
  <testcase name="putSalidaVehiculoTest" classname="co.com.ceiba.parqueadero.paola.infraestructura.integracion.ParqueaderoControladorTest" time="0.051"/>
  <system-out><![CDATA[15:19:19.843 [Test worker] DEBUG org.springframework.test.context.junit4.SpringJUnit4ClassRunner - SpringJUnit4ClassRunner constructor called with [class co.com.ceiba.parqueadero.paola.infraestructura.integracion.ParqueaderoControladorTest]
15:19:19.871 [Test worker] DEBUG org.springframework.test.context.BootstrapUtils - Instantiating CacheAwareContextLoaderDelegate from class [org.springframework.test.context.cache.DefaultCacheAwareContextLoaderDelegate]
15:19:19.907 [Test worker] DEBUG org.springframework.test.context.BootstrapUtils - Instantiating BootstrapContext using constructor [public org.springframework.test.context.support.DefaultBootstrapContext(java.lang.Class,org.springframework.test.context.CacheAwareContextLoaderDelegate)]
15:19:19.991 [Test worker] DEBUG org.springframework.test.context.BootstrapUtils - Instantiating TestContextBootstrapper for test class [co.com.ceiba.parqueadero.paola.infraestructura.integracion.ParqueaderoControladorTest] from class [org.springframework.boot.test.context.SpringBootTestContextBootstrapper]
15:19:20.051 [Test worker] INFO org.springframework.boot.test.context.SpringBootTestContextBootstrapper - Neither @ContextConfiguration nor @ContextHierarchy found for test class [co.com.ceiba.parqueadero.paola.infraestructura.integracion.ParqueaderoControladorTest], using SpringBootContextLoader
15:19:20.063 [Test worker] DEBUG org.springframework.test.context.support.AbstractContextLoader - Did not detect default resource location for test class [co.com.ceiba.parqueadero.paola.infraestructura.integracion.ParqueaderoControladorTest]: class path resource [co/com/ceiba/parqueadero/paola/infraestructura/integracion/ParqueaderoControladorTest-context.xml] does not exist
15:19:20.071 [Test worker] DEBUG org.springframework.test.context.support.AbstractContextLoader - Did not detect default resource location for test class [co.com.ceiba.parqueadero.paola.infraestructura.integracion.ParqueaderoControladorTest]: class path resource [co/com/ceiba/parqueadero/paola/infraestructura/integracion/ParqueaderoControladorTestContext.groovy] does not exist
15:19:20.071 [Test worker] INFO org.springframework.test.context.support.AbstractContextLoader - Could not detect default resource locations for test class [co.com.ceiba.parqueadero.paola.infraestructura.integracion.ParqueaderoControladorTest]: no resource found for suffixes {-context.xml, Context.groovy}.
15:19:20.075 [Test worker] INFO org.springframework.test.context.support.AnnotationConfigContextLoaderUtils - Could not detect default configuration classes for test class [co.com.ceiba.parqueadero.paola.infraestructura.integracion.ParqueaderoControladorTest]: ParqueaderoControladorTest does not declare any static, non-private, non-final, nested classes annotated with @Configuration.
15:19:20.199 [Test worker] DEBUG org.springframework.test.context.support.ActiveProfilesUtils - Could not find an 'annotation declaring class' for annotation type [org.springframework.test.context.ActiveProfiles] and class [co.com.ceiba.parqueadero.paola.infraestructura.integracion.ParqueaderoControladorTest]
15:19:20.395 [Test worker] DEBUG org.springframework.context.annotation.ClassPathScanningCandidateComponentProvider - Identified candidate component class: file [C:\Users\paola.alvarez\Desktop\ADNParqueadero\build\classes\java\main\co\com\ceiba\parqueadero\paola\Application.class]
15:19:20.399 [Test worker] INFO org.springframework.boot.test.context.SpringBootTestContextBootstrapper - Found @SpringBootConfiguration co.com.ceiba.parqueadero.paola.Application for test class co.com.ceiba.parqueadero.paola.infraestructura.integracion.ParqueaderoControladorTest
15:19:20.631 [Test worker] DEBUG org.springframework.boot.test.context.SpringBootTestContextBootstrapper - @TestExecutionListeners is not present for class [co.com.ceiba.parqueadero.paola.infraestructura.integracion.ParqueaderoControladorTest]: using defaults.
15:19:20.631 [Test worker] INFO org.springframework.boot.test.context.SpringBootTestContextBootstrapper - Loaded default TestExecutionListener class names from location [META-INF/spring.factories]: [org.springframework.boot.test.autoconfigure.restdocs.RestDocsTestExecutionListener, org.springframework.boot.test.autoconfigure.web.client.MockRestServiceServerResetTestExecutionListener, org.springframework.boot.test.autoconfigure.web.servlet.MockMvcPrintOnlyOnFailureTestExecutionListener, org.springframework.boot.test.autoconfigure.web.servlet.WebDriverTestExecutionListener, org.springframework.boot.test.mock.mockito.MockitoTestExecutionListener, org.springframework.boot.test.mock.mockito.ResetMocksTestExecutionListener, org.springframework.test.context.web.ServletTestExecutionListener, org.springframework.test.context.support.DirtiesContextBeforeModesTestExecutionListener, org.springframework.test.context.support.DependencyInjectionTestExecutionListener, org.springframework.test.context.support.DirtiesContextTestExecutionListener, org.springframework.test.context.transaction.TransactionalTestExecutionListener, org.springframework.test.context.jdbc.SqlScriptsTestExecutionListener]
15:19:20.678 [Test worker] INFO org.springframework.boot.test.context.SpringBootTestContextBootstrapper - Using TestExecutionListeners: [org.springframework.test.context.web.ServletTestExecutionListener@4c9de989, org.springframework.test.context.support.DirtiesContextBeforeModesTestExecutionListener@55a33415, org.springframework.boot.test.mock.mockito.MockitoTestExecutionListener@795d0fbd, org.springframework.boot.test.autoconfigure.SpringBootDependencyInjectionTestExecutionListener@4fc6ed3e, org.springframework.test.context.support.DirtiesContextTestExecutionListener@6cb494ee, org.springframework.test.context.transaction.TransactionalTestExecutionListener@20fb16f1, org.springframework.test.context.jdbc.SqlScriptsTestExecutionListener@314ac5b4, org.springframework.boot.test.autoconfigure.restdocs.RestDocsTestExecutionListener@499d71be, org.springframework.boot.test.autoconfigure.web.client.MockRestServiceServerResetTestExecutionListener@1c68f87, org.springframework.boot.test.autoconfigure.web.servlet.MockMvcPrintOnlyOnFailureTestExecutionListener@79f25dd0, org.springframework.boot.test.autoconfigure.web.servlet.WebDriverTestExecutionListener@1ef2503f, org.springframework.boot.test.mock.mockito.ResetMocksTestExecutionListener@3c40c2de]
15:19:20.682 [Test worker] DEBUG org.springframework.test.annotation.ProfileValueUtils - Retrieved @ProfileValueSourceConfiguration [null] for test class [co.com.ceiba.parqueadero.paola.infraestructura.integracion.ParqueaderoControladorTest]
15:19:20.682 [Test worker] DEBUG org.springframework.test.annotation.ProfileValueUtils - Retrieved ProfileValueSource type [class org.springframework.test.annotation.SystemProfileValueSource] for class [co.com.ceiba.parqueadero.paola.infraestructura.integracion.ParqueaderoControladorTest]
15:19:20.682 [Test worker] DEBUG org.springframework.test.annotation.ProfileValueUtils - Retrieved @ProfileValueSourceConfiguration [null] for test class [co.com.ceiba.parqueadero.paola.infraestructura.integracion.ParqueaderoControladorTest]
15:19:20.682 [Test worker] DEBUG org.springframework.test.annotation.ProfileValueUtils - Retrieved ProfileValueSource type [class org.springframework.test.annotation.SystemProfileValueSource] for class [co.com.ceiba.parqueadero.paola.infraestructura.integracion.ParqueaderoControladorTest]
15:19:20.690 [Test worker] DEBUG org.springframework.test.context.support.AbstractDirtiesContextTestExecutionListener - Before test class: context [DefaultTestContext@f3b5387 testClass = ParqueaderoControladorTest, testInstance = [null], testMethod = [null], testException = [null], mergedContextConfiguration = [WebMergedContextConfiguration@69471f00 testClass = ParqueaderoControladorTest, locations = '{}', classes = '{class co.com.ceiba.parqueadero.paola.Application}', contextInitializerClasses = '[]', activeProfiles = '{}', propertySourceLocations = '{}', propertySourceProperties = '{org.springframework.boot.test.context.SpringBootTestContextBootstrapper=true}', contextCustomizers = set[org.springframework.boot.test.autoconfigure.properties.PropertyMappingContextCustomizer@0, org.springframework.boot.test.autoconfigure.web.servlet.WebDriverContextCustomizerFactory$Customizer@a538ab2, org.springframework.boot.test.context.filter.ExcludeFilterContextCustomizer@2e6bc0c5, org.springframework.boot.test.json.DuplicateJsonObjectContextCustomizerFactory$DuplicateJsonObjectContextCustomizer@70f6e4d4, org.springframework.boot.test.mock.mockito.MockitoContextCustomizer@0, org.springframework.boot.test.web.client.TestRestTemplateContextCustomizer@2c821383], resourceBasePath = 'src/main/webapp', contextLoader = 'org.springframework.boot.test.context.SpringBootContextLoader', parent = [null]], attributes = map['org.springframework.test.context.web.ServletTestExecutionListener.activateListener' -> true]], class annotated with @DirtiesContext [false] with mode [null].
15:19:20.694 [Test worker] DEBUG org.springframework.test.annotation.ProfileValueUtils - Retrieved @ProfileValueSourceConfiguration [null] for test class [co.com.ceiba.parqueadero.paola.infraestructura.integracion.ParqueaderoControladorTest]
15:19:20.694 [Test worker] DEBUG org.springframework.test.annotation.ProfileValueUtils - Retrieved ProfileValueSource type [class org.springframework.test.annotation.SystemProfileValueSource] for class [co.com.ceiba.parqueadero.paola.infraestructura.integracion.ParqueaderoControladorTest]
15:19:20.742 [Test worker] DEBUG org.springframework.test.context.support.TestPropertySourceUtils - Adding inlined properties to environment: {spring.jmx.enabled=false, org.springframework.boot.test.context.SpringBootTestContextBootstrapper=true, server.port=-1}

  .   ____          _            __ _ _
 /\\ / ___'_ __ _ _(_)_ __  __ _ \ \ \ \
( ( )\___ | '_ | '_| | '_ \/ _` | \ \ \ \
 \\/  ___)| |_)| | | | | || (_| |  ) ) ) )
  '  |____| .__|_| |_|_| |_\__, | / / / /
 =========|_|==============|___/=/_/_/_/
 :: Spring Boot ::        (v2.1.6.RELEASE)

2019-07-04 15:19:21.426  WARN 5820 --- [    Test worker] ory$DuplicateJsonObjectContextCustomizer : 

Found multiple occurrences of org.json.JSONObject on the class path:

	jar:file:/C:/Users/paola.alvarez/.gradle/caches/modules-2/files-2.1/org.json/json/20180813/8566b2b0391d9d4479ea225645c6ed47ef17fe41/json-20180813.jar!/org/json/JSONObject.class
	jar:file:/C:/Users/paola.alvarez/.gradle/caches/modules-2/files-2.1/com.vaadin.external.google/android-json/0.0.20131108.vaadin1/fa26d351fe62a6a17f5cda1287c1c6110dec413f/android-json-0.0.20131108.vaadin1.jar!/org/json/JSONObject.class

You may wish to exclude one of them to ensure predictable runtime behavior

2019-07-04 15:19:21.470  INFO 5820 --- [    Test worker] c.c.c.p.p.i.i.ParqueaderoControladorTest : Starting ParqueaderoControladorTest on PAOLA-ALVAREZ with PID 5820 (started by paola.alvarez in C:\Users\paola.alvarez\Desktop\ADNParqueadero)
2019-07-04 15:19:21.474  INFO 5820 --- [    Test worker] c.c.c.p.p.i.i.ParqueaderoControladorTest : No active profile set, falling back to default profiles: default
2019-07-04 15:19:23.346  INFO 5820 --- [    Test worker] .s.d.r.c.RepositoryConfigurationDelegate : Bootstrapping Spring Data repositories in DEFAULT mode.
2019-07-04 15:19:23.506  INFO 5820 --- [    Test worker] .s.d.r.c.RepositoryConfigurationDelegate : Finished Spring Data repository scanning in 144ms. Found 1 repository interfaces.
2019-07-04 15:19:24.414  INFO 5820 --- [    Test worker] trationDelegate$BeanPostProcessorChecker : Bean 'org.springframework.transaction.annotation.ProxyTransactionManagementConfiguration' of type [org.springframework.transaction.annotation.ProxyTransactionManagementConfiguration$$EnhancerBySpringCGLIB$$e8ab6edc] is not eligible for getting processed by all BeanPostProcessors (for example: not eligible for auto-proxying)
2019-07-04 15:19:25.149  INFO 5820 --- [    Test worker] o.hibernate.jpa.internal.util.LogHelper  : HHH000204: Processing PersistenceUnitInfo [
	name: default
	...]
2019-07-04 15:19:25.321  INFO 5820 --- [    Test worker] org.hibernate.Version                    : HHH000412: Hibernate Core {5.3.10.Final}
2019-07-04 15:19:25.325  INFO 5820 --- [    Test worker] org.hibernate.cfg.Environment            : HHH000206: hibernate.properties not found
2019-07-04 15:19:25.445  INFO 5820 --- [    Test worker] o.hibernate.annotations.common.Version   : HCANN000001: Hibernate Commons Annotations {5.0.4.Final}
2019-07-04 15:19:25.833  INFO 5820 --- [    Test worker] com.zaxxer.hikari.HikariDataSource       : HikariPool-1 - Starting...
2019-07-04 15:19:26.413  INFO 5820 --- [    Test worker] com.zaxxer.hikari.HikariDataSource       : HikariPool-1 - Start completed.
2019-07-04 15:19:26.465  INFO 5820 --- [    Test worker] org.hibernate.dialect.Dialect            : HHH000400: Using dialect: org.hibernate.dialect.H2Dialect
2019-07-04 15:19:26.953  INFO 5820 --- [    Test worker] o.hibernate.id.enhanced.TableGenerator   : HHH000398: Explicit segment value for id generator [numeroRegistro.sequence_name] suggested; using default [parqueadero_entidad]
Hibernate: create table numero_registro (sequence_name varchar(255) not null, next_val bigint, primary key (sequence_name))
Hibernate: insert into numero_registro(sequence_name, next_val) values ('parqueadero_entidad',1)
Hibernate: create table parqueadero_entidad (id bigint not null, cilindraje varchar(255), fecha_ingreso timestamp not null, fecha_salida timestamp, placa varchar(255) not null, tipo_vehiculo varchar(255) not null, valor_total double, primary key (id))
2019-07-04 15:19:27.845  INFO 5820 --- [    Test worker] j.LocalContainerEntityManagerFactoryBean : Initialized JPA EntityManagerFactory for persistence unit 'default'
2019-07-04 15:19:28.477  INFO 5820 --- [    Test worker] o.h.h.i.QueryTranslatorFactoryInitiator  : HHH000397: Using ASTQueryTranslatorFactory
2019-07-04 15:19:30.104  INFO 5820 --- [    Test worker] o.s.s.concurrent.ThreadPoolTaskExecutor  : Initializing ExecutorService 'applicationTaskExecutor'
2019-07-04 15:19:30.248  WARN 5820 --- [    Test worker] aWebConfiguration$JpaWebMvcConfiguration : spring.jpa.open-in-view is enabled by default. Therefore, database queries may be performed during view rendering. Explicitly configure spring.jpa.open-in-view to disable this warning
2019-07-04 15:19:30.876  INFO 5820 --- [    Test worker] c.c.c.p.p.i.i.ParqueaderoControladorTest : Started ParqueaderoControladorTest in 10.106 seconds (JVM running for 14.434)
2019-07-04 15:19:30.968  INFO 5820 --- [    Test worker] o.s.mock.web.MockServletContext          : Initializing Spring TestDispatcherServlet ''
2019-07-04 15:19:30.972  INFO 5820 --- [    Test worker] o.s.t.web.servlet.TestDispatcherServlet  : Initializing Servlet ''
2019-07-04 15:19:30.972  INFO 5820 --- [    Test worker] o.s.t.web.servlet.TestDispatcherServlet  : Completed initialization in 0 ms
Hibernate: select case when count(parqueader0_.id)>0 then 1 else 0 end as col_0_0_ from parqueadero_entidad parqueader0_ where parqueader0_.placa=? and (parqueader0_.fecha_salida is null)
Hibernate: select count(parqueader0_.id) as col_0_0_ from parqueadero_entidad parqueader0_ where parqueader0_.tipo_vehiculo=? and (parqueader0_.fecha_salida is null)
Hibernate: select parqueader0_.id as id1_0_0_, parqueader0_.cilindraje as cilindra2_0_0_, parqueader0_.fecha_ingreso as fecha_in3_0_0_, parqueader0_.fecha_salida as fecha_sa4_0_0_, parqueader0_.placa as placa5_0_0_, parqueader0_.tipo_vehiculo as tipo_veh6_0_0_, parqueader0_.valor_total as valor_to7_0_0_ from parqueadero_entidad parqueader0_ where parqueader0_.id=?
Hibernate: select tbl.next_val from numero_registro tbl where tbl.sequence_name=? for update
Hibernate: update numero_registro set next_val=?  where next_val=? and sequence_name=?
Hibernate: select tbl.next_val from numero_registro tbl where tbl.sequence_name=? for update
Hibernate: update numero_registro set next_val=?  where next_val=? and sequence_name=?
Hibernate: insert into parqueadero_entidad (cilindraje, fecha_ingreso, fecha_salida, placa, tipo_vehiculo, valor_total, id) values (?, ?, ?, ?, ?, ?, ?)
2019-07-04 15:19:31.496  INFO 5820 --- [    Test worker] o.s.mock.web.MockServletContext          : Initializing Spring TestDispatcherServlet ''
2019-07-04 15:19:31.496  INFO 5820 --- [    Test worker] o.s.t.web.servlet.TestDispatcherServlet  : Initializing Servlet ''
2019-07-04 15:19:31.500  INFO 5820 --- [    Test worker] o.s.t.web.servlet.TestDispatcherServlet  : Completed initialization in 0 ms
Hibernate: select parqueader0_.id as id1_0_, parqueader0_.cilindraje as cilindra2_0_, parqueader0_.fecha_ingreso as fecha_in3_0_, parqueader0_.fecha_salida as fecha_sa4_0_, parqueader0_.placa as placa5_0_, parqueader0_.tipo_vehiculo as tipo_veh6_0_, parqueader0_.valor_total as valor_to7_0_ from parqueadero_entidad parqueader0_
2019-07-04 15:19:31.576  INFO 5820 --- [    Test worker] o.s.mock.web.MockServletContext          : Initializing Spring TestDispatcherServlet ''
2019-07-04 15:19:31.576  INFO 5820 --- [    Test worker] o.s.t.web.servlet.TestDispatcherServlet  : Initializing Servlet ''
2019-07-04 15:19:31.576  INFO 5820 --- [    Test worker] o.s.t.web.servlet.TestDispatcherServlet  : Completed initialization in 0 ms
Hibernate: select parqueader0_.id as id1_0_, parqueader0_.cilindraje as cilindra2_0_, parqueader0_.fecha_ingreso as fecha_in3_0_, parqueader0_.fecha_salida as fecha_sa4_0_, parqueader0_.placa as placa5_0_, parqueader0_.tipo_vehiculo as tipo_veh6_0_, parqueader0_.valor_total as valor_to7_0_ from parqueadero_entidad parqueader0_ where parqueader0_.placa=? and (parqueader0_.fecha_salida is null)
Hibernate: select parqueader0_.id as id1_0_0_, parqueader0_.cilindraje as cilindra2_0_0_, parqueader0_.fecha_ingreso as fecha_in3_0_0_, parqueader0_.fecha_salida as fecha_sa4_0_0_, parqueader0_.placa as placa5_0_0_, parqueader0_.tipo_vehiculo as tipo_veh6_0_0_, parqueader0_.valor_total as valor_to7_0_0_ from parqueadero_entidad parqueader0_ where parqueader0_.id=?
Hibernate: update parqueadero_entidad set cilindraje=?, fecha_ingreso=?, fecha_salida=?, placa=?, tipo_vehiculo=?, valor_total=? where id=?
]]></system-out>
  <system-err><![CDATA[]]></system-err>
</testsuite>
