<?xml version="1.0" encoding="UTF-8"?>
<testsuite name="co.com.ceiba.parqueadero.paola.ParqueaderoApplicationTests" tests="1" skipped="0" failures="0" errors="0" timestamp="2019-07-04T20:19:31" hostname="PAOLA-ALVAREZ" time="0.004">
  <properties/>
  <testcase name="contextLoads" classname="co.com.ceiba.parqueadero.paola.ParqueaderoApplicationTests" time="0.004"/>
  <system-out><![CDATA[2019-07-04 15:19:31.600  INFO 5820 --- [    Test worker] .b.t.c.SpringBootTestContextBootstrapper : Neither @ContextConfiguration nor @ContextHierarchy found for test class [co.com.ceiba.parqueadero.paola.ParqueaderoApplicationTests], using SpringBootContextLoader
2019-07-04 15:19:31.604  INFO 5820 --- [    Test worker] o.s.t.c.support.AbstractContextLoader    : Could not detect default resource locations for test class [co.com.ceiba.parqueadero.paola.ParqueaderoApplicationTests]: no resource found for suffixes {-context.xml, Context.groovy}.
2019-07-04 15:19:31.608  INFO 5820 --- [    Test worker] t.c.s.AnnotationConfigContextLoaderUtils : Could not detect default configuration classes for test class [co.com.ceiba.parqueadero.paola.ParqueaderoApplicationTests]: ParqueaderoApplicationTests does not declare any static, non-private, non-final, nested classes annotated with @Configuration.
2019-07-04 15:19:31.636  INFO 5820 --- [    Test worker] .b.t.c.SpringBootTestContextBootstrapper : Found @SpringBootConfiguration co.com.ceiba.parqueadero.paola.Application for test class co.com.ceiba.parqueadero.paola.ParqueaderoApplicationTests
2019-07-04 15:19:31.640  INFO 5820 --- [    Test worker] .b.t.c.SpringBootTestContextBootstrapper : Loaded default TestExecutionListener class names from location [META-INF/spring.factories]: [org.springframework.boot.test.autoconfigure.restdocs.RestDocsTestExecutionListener, org.springframework.boot.test.autoconfigure.web.client.MockRestServiceServerResetTestExecutionListener, org.springframework.boot.test.autoconfigure.web.servlet.MockMvcPrintOnlyOnFailureTestExecutionListener, org.springframework.boot.test.autoconfigure.web.servlet.WebDriverTestExecutionListener, org.springframework.boot.test.mock.mockito.MockitoTestExecutionListener, org.springframework.boot.test.mock.mockito.ResetMocksTestExecutionListener, org.springframework.test.context.web.ServletTestExecutionListener, org.springframework.test.context.support.DirtiesContextBeforeModesTestExecutionListener, org.springframework.test.context.support.DependencyInjectionTestExecutionListener, org.springframework.test.context.support.DirtiesContextTestExecutionListener, org.springframework.test.context.transaction.TransactionalTestExecutionListener, org.springframework.test.context.jdbc.SqlScriptsTestExecutionListener]
2019-07-04 15:19:31.644  INFO 5820 --- [    Test worker] .b.t.c.SpringBootTestContextBootstrapper : Using TestExecutionListeners: [org.springframework.test.context.web.ServletTestExecutionListener@3efbaba7, org.springframework.test.context.support.DirtiesContextBeforeModesTestExecutionListener@70c82459, org.springframework.boot.test.mock.mockito.MockitoTestExecutionListener@78c6b153, org.springframework.boot.test.autoconfigure.SpringBootDependencyInjectionTestExecutionListener@12256b16, org.springframework.test.context.support.DirtiesContextTestExecutionListener@71e05c66, org.springframework.test.context.transaction.TransactionalTestExecutionListener@403b54ef, org.springframework.test.context.jdbc.SqlScriptsTestExecutionListener@d3a3992, org.springframework.boot.test.autoconfigure.restdocs.RestDocsTestExecutionListener@347e9ef8, org.springframework.boot.test.autoconfigure.web.client.MockRestServiceServerResetTestExecutionListener@470ef77d, org.springframework.boot.test.autoconfigure.web.servlet.MockMvcPrintOnlyOnFailureTestExecutionListener@5d084f5f, org.springframework.boot.test.autoconfigure.web.servlet.WebDriverTestExecutionListener@1220bc5, org.springframework.boot.test.mock.mockito.ResetMocksTestExecutionListener@416bdc47]
]]></system-out>
  <system-err><![CDATA[]]></system-err>
</testsuite>
